<?xml version="1.0" encoding="UTF-8"?>
<!-- Generated by org.testng.reporters.JUnitXMLReporter -->
<testsuite ignored="2" hostname="SANJIVANI" failures="1" tests="6" name="demos" time="177.325" errors="0" timestamp="2019-10-31T17:49:01 IST">
  <testcase classname="test.Demo2" name="TestCase1" time="0.033"/>
  <testcase classname="test.Demo2" name="TestCase2" time="0.003"/>
  <testcase classname="test.Demo2" name="Testcase3" time="0.003"/>
  <testcase classname="test.Demo10" name="failTest" time="9.391">
    <failure type="java.lang.AssertionError" message="expected [NoTitle] but found [http://localhost/Library/home.html]">
      <![CDATA[java.lang.AssertionError: expected [NoTitle] but found [http://localhost/Library/home.html]
at test.Demo10.failTest(Demo10.java:54)
at java.base/java.util.ArrayList.forEach(ArrayList.java:1540)
... Removed 32 stack frames]]>
    </failure>
  </testcase> <!-- failTest -->
  <testcase classname="test.Demo10" name="passTest" time="0.613"/>
  <testcase classname="test.Demo10" name="skipTest" time="0.329">
    <skipped/>
  </testcase> <!-- skipTest -->
  <testcase classname="test.Basehtml" name="@AfterTest endReport" time="0.0">
    <ignored/>
  </testcase> <!-- @AfterTest endReport -->
  <testcase classname="test.Basehtml" name="@BeforeTest startReport" time="0.0">
    <ignored/>
  </testcase> <!-- @BeforeTest startReport -->
</testsuite> <!-- demos -->
