<?xml version="1.0" encoding="UTF-8"?>
<!-- Generated by org.testng.reporters.JUnitXMLReporter -->
<testsuite ignored="6" hostname="SANJIVANI" failures="4" tests="11" name="Test run" time="177.052" errors="0" timestamp="2019-10-31T19:53:12 IST">
  <testcase classname="Library.home" name="TestCase1" time="0.3">
    <failure type="java.lang.AssertionError" message="title does not match expected [LIBRARY] but found [LIBRARY HOUSE]">
      <![CDATA[java.lang.AssertionError: title does not match expected [LIBRARY] but found [LIBRARY HOUSE]
at Library.home.TestCase1(home.java:51)
at java.base/java.util.ArrayList.forEach(ArrayList.java:1540)
... Removed 31 stack frames]]>
    </failure>
  </testcase> <!-- TestCase1 -->
  <testcase classname="Library.home" name="TestCase2" time="2.275"/>
  <testcase classname="Library.home" name="TestCase3" time="3.1"/>
  <testcase classname="Library.login" name="TestCase4" time="11.716">
    <failure type="org.openqa.selenium.NoAlertPresentException" message="
Build info: version: &amp;apos;4.0.0-alpha-3&amp;apos;, revision: &amp;apos;8c567de6dc&amp;apos;
System info: host: &amp;apos;SANJIVANI&amp;apos;, ip: &amp;apos;192.168.225.159&amp;apos;, os.name: &amp;apos;Windows 7&amp;apos;, os.arch: &amp;apos;amd64&amp;apos;, os.version: &amp;apos;6.1&amp;apos;, java.version: &amp;apos;12.0.1&amp;apos;
Driver info: org.openqa.selenium.firefox.FirefoxDriver
Capabilities {acceptInsecureCerts: true, browserName: firefox, browserVersion: 67.0.4, javascriptEnabled: true, moz:accessibilityChecks: false, moz:buildID: 20190619235627, moz:geckodriverVersion: 0.25.0, moz:headless: false, moz:processID: 5260, moz:profile: C:\Users\Sanju\AppData\Loca..., moz:shutdownTimeout: 60000, moz:useNonSpecCompliantPointerOrigin: false, moz:webdriverClick: true, pageLoadStrategy: normal, platform: WINDOWS, platformName: WINDOWS, platformVersion: 6.1, rotatable: false, setWindowRect: true, strictFileInteractability: false, timeouts: {implicit: 0, pageLoad: 300000, script: 30000}, unhandledPromptBehavior: dismiss and notify}
Session ID: 0410df3c-52a9-4060-a66c-c8c23f1483d3">
      <![CDATA[org.openqa.selenium.NoAlertPresentException: 
Build info: version: '4.0.0-alpha-3', revision: '8c567de6dc'
System info: host: 'SANJIVANI', ip: '192.168.225.159', os.name: 'Windows 7', os.arch: 'amd64', os.version: '6.1', java.version: '12.0.1'
Driver info: org.openqa.selenium.firefox.FirefoxDriver
Capabilities {acceptInsecureCerts: true, browserName: firefox, browserVersion: 67.0.4, javascriptEnabled: true, moz:accessibilityChecks: false, moz:buildID: 20190619235627, moz:geckodriverVersion: 0.25.0, moz:headless: false, moz:processID: 5260, moz:profile: C:\Users\Sanju\AppData\Loca..., moz:shutdownTimeout: 60000, moz:useNonSpecCompliantPointerOrigin: false, moz:webdriverClick: true, pageLoadStrategy: normal, platform: WINDOWS, platformName: WINDOWS, platformVersion: 6.1, rotatable: false, setWindowRect: true, strictFileInteractability: false, timeouts: {implicit: 0, pageLoad: 300000, script: 30000}, unhandledPromptBehavior: dismiss and notify}
Session ID: 0410df3c-52a9-4060-a66c-c8c23f1483d3
at org.openqa.selenium.remote.codec.w3c.W3CHttpResponseCodec.createException(W3CHttpResponseCodec.java:191)
at org.openqa.selenium.remote.codec.w3c.W3CHttpResponseCodec.decode(W3CHttpResponseCodec.java:125)
at org.openqa.selenium.remote.codec.w3c.W3CHttpResponseCodec.decode(W3CHttpResponseCodec.java:52)
at org.openqa.selenium.remote.HttpCommandExecutor.execute(HttpCommandExecutor.java:161)
at org.openqa.selenium.remote.service.DriverCommandExecutor.execute(DriverCommandExecutor.java:83)
at org.openqa.selenium.remote.RemoteWebDriver.execute(RemoteWebDriver.java:576)
at org.openqa.selenium.remote.RemoteWebDriver.execute(RemoteWebDriver.java:633)
at org.openqa.selenium.remote.RemoteWebDriver.execute(RemoteWebDriver.java:637)
at org.openqa.selenium.remote.RemoteWebDriver$RemoteTargetLocator.alert(RemoteWebDriver.java:1005)
at Library.login.TestCase4(login.java:50)
at java.base/java.util.ArrayList.forEach(ArrayList.java:1540)
... Removed 32 stack frames]]>
    </failure>
  </testcase> <!-- TestCase4 -->
  <testcase classname="Library.login" name="TestCase6" time="0.002"/>
  <testcase classname="Library.login" name="Testcase5" time="0.003"/>
  <testcase classname="Library.register" name="TestCase7" time="5.237"/>
  <testcase classname="Library.browse" name="TestCase10" time="0.461">
    <failure type="java.lang.AssertionError" message="expected [false] but found [true]">
      <![CDATA[java.lang.AssertionError: expected [false] but found [true]
at Library.browse.TestCase10(browse.java:81)
at java.base/java.util.ArrayList.forEach(ArrayList.java:1540)
... Removed 32 stack frames]]>
    </failure>
  </testcase> <!-- TestCase10 -->
  <testcase classname="Library.browse" name="TestCase8" time="0.351"/>
  <testcase classname="Library.browse" name="Testcase11" time="0.001">
    <skipped/>
  </testcase> <!-- Testcase11 -->
  <testcase classname="Library.browse" name="Testcase9" time="5.253">
    <failure type="java.lang.AssertionError" message="expected [http://localhost/Library/table.php] but found [http://localhost/Library/browse.php]">
      <![CDATA[java.lang.AssertionError: expected [http://localhost/Library/table.php] but found [http://localhost/Library/browse.php]
at Library.browse.Testcase9(browse.java:72)
at java.base/java.util.ArrayList.forEach(ArrayList.java:1540)
... Removed 32 stack frames]]>
    </failure>
  </testcase> <!-- Testcase9 -->
  <testcase classname="Library.BaseReport" name="@BeforeTest startReport" time="0.0">
    <ignored/>
  </testcase> <!-- @BeforeTest startReport -->
  <testcase classname="Library.BaseReport" name="@BeforeTest startReport" time="0.0">
    <ignored/>
  </testcase> <!-- @BeforeTest startReport -->
  <testcase classname="Library.BaseReport" name="@BeforeTest startReport" time="0.0">
    <ignored/>
  </testcase> <!-- @BeforeTest startReport -->
  <testcase classname="Library.BaseReport" name="@AfterTest endReport" time="0.0">
    <ignored/>
  </testcase> <!-- @AfterTest endReport -->
  <testcase classname="Library.BaseReport" name="@AfterTest endReport" time="0.0">
    <ignored/>
  </testcase> <!-- @AfterTest endReport -->
  <testcase classname="Library.BaseReport" name="@AfterTest endReport" time="0.0">
    <ignored/>
  </testcase> <!-- @AfterTest endReport -->
</testsuite> <!-- Test run -->
